#
# A fatal error has been detected by the Java Runtime Environment:
#
#  EXCEPTION_ACCESS_VIOLATION (0xc0000005) at pc=0x00007fff2760ca86, pid=16348, tid=6124
#
# JRE version: OpenJDK Runtime Environment (17.0.6) (build 17.0.6+0-b2043.56-10027231)
# Java VM: OpenJDK 64-Bit Server VM (17.0.6+0-b2043.56-10027231, mixed mode, tiered, compressed oops, compressed class ptrs, g1 gc, windows-amd64)
# Problematic frame:
# V  [jvm.dll+0xca86]
#
# No core dump will be written. Minidumps are not enabled by default on client versions of Windows
#
# If you would like to submit a bug report, please visit:
#   https://bugreport.java.com/bugreport/crash.jsp
#

---------------  S U M M A R Y ------------

Command Line: org.jetbrains.kotlin.cli.jvm.K2JVMCompiler @F:\summer_23\practiceapp\MobileClinic2\app\build\20231021_7527724207818393518.compiler.options

Host: AMD Ryzen 7 4800H with Radeon Graphics         , 16 cores, 7G,  Windows 11 , 64 bit Build 22621 (10.0.22621.2070)
Time: Sat Oct 21 00:28:07 2023 Bangladesh Standard Time elapsed time: 3.901831 seconds (0d 0h 0m 3s)

---------------  T H R E A D  ---------------

Current thread (0x000001c22ee92b20):  GCTaskThread "GC Thread#9" [stack: 0x0000000cc3300000,0x0000000cc3400000] [id=6124]

Stack: [0x0000000cc3300000,0x0000000cc3400000],  sp=0x0000000cc33ff4b8,  free space=1021k
Native frames: (J=compiled Java code, j=interpreted, Vv=VM code, C=native code)
V  [jvm.dll+0xca86]


siginfo: EXCEPTION_ACCESS_VIOLATION (0xc0000005), reading address 0x0000000102041d90


Register to memory mapping:

RIP=0x00007fff2760ca86 jvm.dll
RAX=0x0000000000000001 is an unknown value
RBX=0x0000000000000001 is an unknown value
RCX=
[error occurred during error reporting (printing register info), id 0xc0000005, EXCEPTION_ACCESS_VIOLATION (0xc0000005) at pc=0x00007fff278d6caa]

Registers:
RAX=0x0000000000000001, RBX=0x0000000000000001, RCX=0x0000000090660f00, RDX=0x0000000090660f00
RSP=0x0000000cc33ff4b8, RBP=0x0000000102041d88, RSI=0x000001c232a9bbc0, RDI=0x000001c232a9bbc0
R8 =0x0000000090660f00, R9 =0x0000000102041d88, R10=0x0000000090660f00, R11=0x0000000000000001
R12=0x000001c22da10278, R13=0x00000000000003d8, R14=0x0000000000000040, R15=0x0000000090660f00
RIP=0x00007fff2760ca86, EFLAGS=0x0000000000010206

Top of Stack: (sp=0x0000000cc33ff4b8)
0x0000000cc33ff4b8:   00007fff2790b5ec 0000000000000000
0x0000000cc33ff4c8:   0000000000000001 0000000100041d88
0x0000000cc33ff4d8:   0000000cc33ff538 000000008c66c9c8
0x0000000cc33ff4e8:   00007fff27909ea9 0000000000000001
0x0000000cc33ff4f8:   000001c22cd37f40 000000008c641648
0x0000000cc33ff508:   0000000000000000 000001c232a9bd40
0x0000000cc33ff518:   0000000000000000 0000000000000040
0x0000000cc33ff528:   00000000000003d8 000001c22da10278
0x0000000cc33ff538:   000001c232a9bbc0 000000008c66c97c
0x0000000cc33ff548:   00000000000001b6 000000008c66c97d
0x0000000cc33ff558:   00007fff2790c672 0000000090650000
0x0000000cc33ff568:   0000000000000001 0000000000000008
0x0000000cc33ff578:   0000000000000001 000001c22f67f630
0x0000000cc33ff588:   000001c22f67f758 000001c232473320
0x0000000cc33ff598:   000001c2324732f0 0000000000000020
0x0000000cc33ff5a8:   00007fff2790942e 0000000000000007 

Instructions: (pc=0x00007fff2760ca86)
0x00007fff2760c986:   cc cc cc cc cc cc cc cc cc cc 4c 8b 01 4c 8b c9
0x00007fff2760c996:   48 8b 0d b3 35 b7 00 ba 64 60 08 00 e9 c9 f1 ff
0x00007fff2760c9a6:   ff cc cc cc cc cc cc cc cc cc 8b 05 42 79 b1 00
0x00007fff2760c9b6:   c3 cc cc cc cc cc cc cc cc cc 0f b6 05 48 3e b8
0x00007fff2760c9c6:   00 48 8b d1 84 c0 74 16 44 8b 41 08 8b 0d 20 79
0x00007fff2760c9d6:   b1 00 49 d3 e0 4c 03 05 0e 79 b1 00 eb 04 4c 8b
0x00007fff2760c9e6:   41 08 45 8b 50 08 45 85 d2 7e 0e 41 f6 c2 01 75
0x00007fff2760c9f6:   53 41 c1 fa 03 41 8b c2 c3 79 49 84 c0 b9 10 00
0x00007fff2760ca06:   00 00 8b 05 26 88 b1 00 41 b8 0c 00 00 00 41 0f
0x00007fff2760ca16:   45 c8 ff c8 4c 63 c8 48 63 14 11 41 8b ca 83 e1
0x00007fff2760ca26:   3f 48 d3 e2 41 8b ca 48 c1 f9 10 0f b6 c1 49 8d
0x00007fff2760ca36:   0c 11 49 f7 d1 48 03 c1 49 c1 e9 03 48 c1 e8 03
0x00007fff2760ca46:   41 23 c1 c3 49 8b 00 49 8b c8 48 ff a0 00 01 00
0x00007fff2760ca56:   00 cc cc cc cc cc cc cc cc cc 8b 44 24 30 45 03
0x00007fff2760ca66:   c9 44 2b 4c 24 28 83 c0 0b 44 03 ca 45 03 c8 41
0x00007fff2760ca76:   03 c1 c3 cc cc cc cc cc cc cc 4c 8b ca 48 8b d1
0x00007fff2760ca86:   45 8b 41 08 45 85 c0 7e 0e 41 f6 c0 01 75 56 41
0x00007fff2760ca96:   c1 f8 03 41 8b c0 c3 79 4c 80 3d 69 3d b8 00 00
0x00007fff2760caa6:   b8 0c 00 00 00 b9 10 00 00 00 0f 45 c8 8b 05 7b
0x00007fff2760cab6:   87 b1 00 ff c8 4c 63 c8 48 63 14 11 41 8b c8 83
0x00007fff2760cac6:   e1 3f 48 d3 e2 41 8b c8 48 c1 f9 10 0f b6 c1 49
0x00007fff2760cad6:   8d 0c 11 49 f7 d1 48 03 c1 49 c1 e9 03 48 c1 e8
0x00007fff2760cae6:   03 41 23 c1 c3 49 8b 01 49 8b c9 48 ff a0 00 01
0x00007fff2760caf6:   00 00 cc cc cc cc cc cc cc cc 48 8b 41 08 0f b7
0x00007fff2760cb06:   48 2a 0f b7 40 28 83 c0 48 03 c1 c3 cc cc cc cc
0x00007fff2760cb16:   cc cc cc cc cc cc cc cc cc cc 48 89 5c 24 08 57
0x00007fff2760cb26:   48 83 ec 20 0f b6 05 7f 1b bc 00 48 8b fa 48 8b
0x00007fff2760cb36:   d9 84 c0 74 4f 48 85 15 76 13 bc 00 74 38 48 8b
0x00007fff2760cb46:   ca e8 24 73 86 00 48 8b d0 48 85 db 74 25 48 85
0x00007fff2760cb56:   c0 74 20 48 8b c7 f0 48 0f b1 13 74 16 48 85 05
0x00007fff2760cb66:   4e 13 bc 00 74 0d 48 8b c8 f0 48 0f b1 13 48 3b
0x00007fff2760cb76:   c1 75 ea 48 8b fa 48 8b c7 48 8b 5c 24 30 48 83 


Stack slot to memory mapping:
stack at sp + 0 slots: 0x00007fff2790b5ec jvm.dll
stack at sp + 1 slots: 0x0 is NULL
stack at sp + 2 slots: 0x0000000000000001 is an unknown value
stack at sp + 3 slots: 0x0000000100041d88 is a pointer to class: 
java.lang.String {0x0000000100041d90}
 - instance size:     3
 - klass size:        88
 - access:            public final synchronized 
 - state:             fully_initialized
 - name:              'java/lang/String'
 - super:             'java/lang/Object'
 - sub:               
 - arrays:            'java/lang/String'[]
 - methods:           Array<T>(0x000001c22d005818)
 - method ordering:   Array<T>(0x000001c22d000018)
 - default_methods:   Array<T>(0x0000000000000000)
 - local interfaces:  Array<T>(0x000001c22d004220)
 - trans. interfaces: Array<T>(0x000001c22d004220)
 - constants:         constant pool [1396]/operands[28] {0x000001c22d0013b8} for 'java/lang/String' cache=0x000001c22d1457e8
 - class loader data:  loader data: 0x000001c212bfedd0 of 'bootstrap'
 - source file:       'String.java'
 - class annotations:       Array<T>(0x0000000000000000)
 - class type annotations:  Array<T>(0x0000000000000000)
 - field annotations:       Array<T>(0x000001c22d005720)
 - field type annotations:  Array<T>(0x0000000000000000)
 - generic signature: 'Ljava/lang/Object;Ljava/io/Serializable;Ljava/lang/Comparable<Ljava/lang/String;>;Ljava/lang/CharSequence;Ljava/lang/constant/Constable;Ljava/lang/constant/ConstantDesc;'
 - inner classes:     Array<T>(0x000001c22d010950)
 - nest members:     Array<T>(0x000001c22d010990)
 - permitted subclasses:     Array<T>(0x000001c22d000028)
 - java mirror:       a 'java/lang/Class'{0x0000000089982340} = 'java/lang/String'
 - vtable length      5  (start addr: 0x0000000100041f78)
 - itable length      20 (start addr: 0x0000000100041fa0)
 - ---- static fields (3 words):
 - private static final 'serialVersionUID' 'J' @120 
 - static final 'COMPACT_STRINGS' 'Z' @130 
 - private static final 'serialPersistentFields' '[Ljava/io/ObjectStreamField;' @112 
 - private static final 'REPL' 'C' @128 
 - public static final 'CASE_INSENSITIVE_ORDER' 'Ljava/util/Comparator;' @116 
 - static final 'LATIN1' 'B' @131 
 - static final 'UTF16' 'B' @132 
 - ---- non-static fields (3 words):
 - private 'hash' 'I' @12 
 - private final 'coder' 'B' @16 
 - private 'hashIsZero' 'Z' @17 
 - private final synchronized 'value' '[B' @20 
 - non-static oop maps: 20-20 
stack at sp + 4 slots: 0x0000000cc33ff538 points into unknown readable memory: 0x000001c232a9bbc0 | c0 bb a9 32 c2 01 00 00
stack at sp + 5 slots: 0x000000008c66c9c8 is pointing into object: [Ljava.lang.Object; 
{0x000000008c66c880} - klass: 'java/lang/Object'[]
 - length: 79
stack at sp + 6 slots: 0x00007fff27909ea9 jvm.dll
stack at sp + 7 slots: 0x0000000000000001 is an unknown value


---------------  P R O C E S S  ---------------

Threads class SMR info:
_java_thread_list=0x000001c22fa01990, length=19, elements={
0x000001c212b428f0, 0x000001c22d832250, 0x000001c22d833c10, 0x000001c22d86cea0,
0x000001c22d86d850, 0x000001c22d8609c0, 0x000001c22d8620a0, 0x000001c22d863e70,
0x000001c22d864910, 0x000001c22d866450, 0x000001c22d9b72e0, 0x000001c22d9b9800,
0x000001c22da01010, 0x000001c22da12110, 0x000001c22ddf9260, 0x000001c22f2f33b0,
0x000001c22f2f5c30, 0x000001c22f2f42e0, 0x000001c22f2f5720
}

Java Threads: ( => current thread )
  0x000001c212b428f0 JavaThread "main" [_thread_blocked, id=16236, stack(0x0000000cc1400000,0x0000000cc1500000)]
  0x000001c22d832250 JavaThread "Reference Handler" daemon [_thread_blocked, id=10756, stack(0x0000000cc1b00000,0x0000000cc1c00000)]
  0x000001c22d833c10 JavaThread "Finalizer" daemon [_thread_blocked, id=18528, stack(0x0000000cc1c00000,0x0000000cc1d00000)]
  0x000001c22d86cea0 JavaThread "Signal Dispatcher" daemon [_thread_blocked, id=10908, stack(0x0000000cc1d00000,0x0000000cc1e00000)]
  0x000001c22d86d850 JavaThread "Attach Listener" daemon [_thread_blocked, id=8572, stack(0x0000000cc1e00000,0x0000000cc1f00000)]
  0x000001c22d8609c0 JavaThread "Service Thread" daemon [_thread_blocked, id=18864, stack(0x0000000cc1f00000,0x0000000cc2000000)]
  0x000001c22d8620a0 JavaThread "Monitor Deflation Thread" daemon [_thread_blocked, id=5260, stack(0x0000000cc2000000,0x0000000cc2100000)]
  0x000001c22d863e70 JavaThread "C2 CompilerThread0" daemon [_thread_blocked, id=8988, stack(0x0000000cc2100000,0x0000000cc2200000)]
  0x000001c22d864910 JavaThread "C1 CompilerThread0" daemon [_thread_blocked, id=8088, stack(0x0000000cc2200000,0x0000000cc2300000)]
  0x000001c22d866450 JavaThread "Sweeper thread" daemon [_thread_blocked, id=8028, stack(0x0000000cc2300000,0x0000000cc2400000)]
  0x000001c22d9b72e0 JavaThread "C1 CompilerThread1" daemon [_thread_blocked, id=16932, stack(0x0000000cc2400000,0x0000000cc2500000)]
  0x000001c22d9b9800 JavaThread "C1 CompilerThread2" daemon [_thread_blocked, id=6020, stack(0x0000000cc2500000,0x0000000cc2600000)]
  0x000001c22da01010 JavaThread "Notification Thread" daemon [_thread_blocked, id=18580, stack(0x0000000cc2600000,0x0000000cc2700000)]
  0x000001c22da12110 JavaThread "Common-Cleaner" daemon [_thread_blocked, id=15292, stack(0x0000000cc2800000,0x0000000cc2900000)]
  0x000001c22ddf9260 JavaThread "C1 CompilerThread3" daemon [_thread_blocked, id=18444, stack(0x0000000cc2a00000,0x0000000cc2b00000)]
  0x000001c22f2f33b0 JavaThread "C2 CompilerThread1" daemon [_thread_in_native, id=7900, stack(0x0000000cc2e00000,0x0000000cc2f00000)]
  0x000001c22f2f5c30 JavaThread "C2 CompilerThread2" daemon [_thread_blocked, id=19048, stack(0x0000000cc3600000,0x0000000cc3700000)]
  0x000001c22f2f42e0 JavaThread "C2 CompilerThread3" daemon [_thread_in_native, id=10768, stack(0x0000000cc3700000,0x0000000cc3800000)]
  0x000001c22f2f5720 JavaThread "C2 CompilerThread4" daemon [_thread_in_native, id=5512, stack(0x0000000cc3b00000,0x0000000cc3c00000)]

Other Threads:
  0x000001c22ce8f830 VMThread "VM Thread" [stack: 0x0000000cc1a00000,0x0000000cc1b00000] [id=2524]
  0x000001c22da0a9f0 WatcherThread [stack: 0x0000000cc2700000,0x0000000cc2800000] [id=17708]
  0x000001c212b98c10 GCTaskThread "GC Thread#0" [stack: 0x0000000cc1500000,0x0000000cc1600000] [id=9324]
  0x000001c22e19c6c0 GCTaskThread "GC Thread#1" [stack: 0x0000000cc2900000,0x0000000cc2a00000] [id=11068]
  0x000001c22e169a20 GCTaskThread "GC Thread#2" [stack: 0x0000000cc2b00000,0x0000000cc2c00000] [id=19444]
  0x000001c22e16a4e0 GCTaskThread "GC Thread#3" [stack: 0x0000000cc2c00000,0x0000000cc2d00000] [id=9440]
  0x000001c22e16abb0 GCTaskThread "GC Thread#4" [stack: 0x0000000cc2d00000,0x0000000cc2e00000] [id=6272]
  0x000001c22efd1e90 GCTaskThread "GC Thread#5" [stack: 0x0000000cc2f00000,0x0000000cc3000000] [id=5428]
  0x000001c22ede8b50 GCTaskThread "GC Thread#6" [stack: 0x0000000cc3000000,0x0000000cc3100000] [id=11924]
  0x000001c22ee93080 GCTaskThread "GC Thread#7" [stack: 0x0000000cc3100000,0x0000000cc3200000] [id=18748]
  0x000001c22ee92310 GCTaskThread "GC Thread#8" [stack: 0x0000000cc3200000,0x0000000cc3300000] [id=6384]
=>0x000001c22ee92b20 GCTaskThread "GC Thread#9" [stack: 0x0000000cc3300000,0x0000000cc3400000] [id=6124]
  0x000001c22ee93330 GCTaskThread "GC Thread#10" [stack: 0x0000000cc3800000,0x0000000cc3900000] [id=3220]
  0x000001c22ee93b40 GCTaskThread "GC Thread#11" [stack: 0x0000000cc3900000,0x0000000cc3a00000] [id=17684]
  0x000001c22ee92dd0 GCTaskThread "GC Thread#12" [stack: 0x0000000cc3a00000,0x0000000cc3b00000] [id=2300]
  0x000001c212ba8b00 ConcurrentGCThread "G1 Main Marker" [stack: 0x0000000cc1600000,0x0000000cc1700000] [id=8948]
  0x000001c212ba9cb0 ConcurrentGCThread "G1 Conc#0" [stack: 0x0000000cc1700000,0x0000000cc1800000] [id=9404]
  0x000001c22ee935e0 ConcurrentGCThread "G1 Conc#1" [stack: 0x0000000cc3400000,0x0000000cc3500000] [id=11512]
  0x000001c22ee925c0 ConcurrentGCThread "G1 Conc#2" [stack: 0x0000000cc3500000,0x0000000cc3600000] [id=15984]
  0x000001c22cd38540 ConcurrentGCThread "G1 Refine#0" [stack: 0x0000000cc1800000,0x0000000cc1900000] [id=12268]
  0x000001c212bfe0f0 ConcurrentGCThread "G1 Service" [stack: 0x0000000cc1900000,0x0000000cc1a00000] [id=10484]

Threads with active compile tasks:
C2 CompilerThread1     3918 3846       4       jdk.internal.loader.ClassLoaders$AppClassLoader::defineOrCheckPackage (8 bytes)
C2 CompilerThread2     3918 4037       4       java.lang.StringUTF16::compress (20 bytes)
C2 CompilerThread3     3918 3698   !   4       jdk.internal.loader.BuiltinClassLoader::findClassOnClassPathOrNull (64 bytes)
C2 CompilerThread4     3918 3770       4       jdk.internal.loader.BuiltinClassLoader::defineClass (121 bytes)

VM state: at safepoint (normal execution)

VM Mutex/Monitor currently owned by a thread:  ([mutex/lock_event])
[0x000001c212b40c00] Threads_lock - owner thread: 0x000001c22ce8f830
[0x000001c212b41e00] Heap_lock - owner thread: 0x000001c212b428f0

Heap address: 0x0000000089400000, size: 1900 MB, Compressed Oops mode: 32-bit

CDS archive(s) not mapped
Compressed class space mapped at: 0x0000000100000000-0x0000000140000000, reserved size: 1073741824
Narrow klass base: 0x0000000000000000, Narrow klass shift: 3, Narrow klass range: 0x140000000

GC Precious Log:
 CPUs: 16 total, 16 available
 Memory: 7597M
 Large Page Support: Disabled
 NUMA Support: Disabled
 Compressed Oops: Enabled (32-bit)
 Heap Region Size: 1M
 Heap Min Capacity: 8M
 Heap Initial Capacity: 120M
 Heap Max Capacity: 1900M
 Pre-touch: Disabled
 Parallel Workers: 13
 Concurrent Workers: 3
 Concurrent Refinement Workers: 13
 Periodic GC: Disabled

Heap:
 garbage-first heap   total 65536K, used 44002K [0x0000000089400000, 0x0000000100000000)
  region size 1024K, 14 young (14336K), 1 survivors (1024K)
 Metaspace       used 48869K, committed 49152K, reserved 1097728K
  class space    used 5877K, committed 6016K, reserved 1048576K

Heap Regions: E=young(eden), S=young(survivor), O=old, HS=humongous(starts), HC=humongous(continues), CS=collection set, F=free, OA=open archive, CA=closed archive, TAMS=top-at-mark-start (previous, next)
|   0|0x0000000089400000, 0x0000000089500000, 0x0000000089500000|100%|HS|  |TAMS 0x0000000089500000, 0x0000000089500000| Complete 
|   1|0x0000000089500000, 0x0000000089600000, 0x0000000089600000|100%|HC|  |TAMS 0x0000000089600000, 0x0000000089600000| Complete 
|   2|0x0000000089600000, 0x0000000089700000, 0x0000000089700000|100%|HC|  |TAMS 0x0000000089700000, 0x0000000089700000| Complete 
|   3|0x0000000089700000, 0x0000000089800000, 0x0000000089800000|100%|HC|  |TAMS 0x0000000089800000, 0x0000000089800000| Complete 
|   4|0x0000000089800000, 0x0000000089900000, 0x0000000089900000|100%| O|  |TAMS 0x0000000089900000, 0x0000000089900000| Untracked 
|   5|0x0000000089900000, 0x0000000089a00000, 0x0000000089a00000|100%| O|  |TAMS 0x0000000089a00000, 0x0000000089a00000| Untracked 
|   6|0x0000000089a00000, 0x0000000089b00000, 0x0000000089b00000|100%| O|  |TAMS 0x0000000089b00000, 0x0000000089b00000| Untracked 
|   7|0x0000000089b00000, 0x0000000089b37e00, 0x0000000089c00000| 21%| O|  |TAMS 0x0000000089b37e00, 0x0000000089b37e00| Untracked 
|   8|0x0000000089c00000, 0x0000000089d00000, 0x0000000089d00000|100%|HS|  |TAMS 0x0000000089d00000, 0x0000000089d00000| Complete 
|   9|0x0000000089d00000, 0x0000000089e00000, 0x0000000089e00000|100%|HC|  |TAMS 0x0000000089e00000, 0x0000000089e00000| Complete 
|  10|0x0000000089e00000, 0x0000000089f00000, 0x0000000089f00000|100%|HC|  |TAMS 0x0000000089f00000, 0x0000000089f00000| Complete 
|  11|0x0000000089f00000, 0x000000008a000000, 0x000000008a000000|100%|HC|  |TAMS 0x000000008a000000, 0x000000008a000000| Complete 
|  12|0x000000008a000000, 0x000000008a100000, 0x000000008a100000|100%| O|  |TAMS 0x000000008a100000, 0x000000008a100000| Untracked 
|  13|0x000000008a100000, 0x000000008a200000, 0x000000008a200000|100%| O|  |TAMS 0x000000008a200000, 0x000000008a200000| Untracked 
|  14|0x000000008a200000, 0x000000008a300000, 0x000000008a300000|100%| O|  |TAMS 0x000000008a300000, 0x000000008a300000| Untracked 
|  15|0x000000008a300000, 0x000000008a400000, 0x000000008a400000|100%| O|  |TAMS 0x000000008a400000, 0x000000008a400000| Untracked 
|  16|0x000000008a400000, 0x000000008a500000, 0x000000008a500000|100%| O|  |TAMS 0x000000008a500000, 0x000000008a500000| Untracked 
|  17|0x000000008a500000, 0x000000008a600000, 0x000000008a600000|100%| O|  |TAMS 0x000000008a500000, 0x000000008a600000| Untracked 
|  18|0x000000008a600000, 0x000000008a700000, 0x000000008a700000|100%| O|  |TAMS 0x000000008a600000, 0x000000008a700000| Untracked 
|  19|0x000000008a700000, 0x000000008a800000, 0x000000008a800000|100%| O|  |TAMS 0x000000008a800000, 0x000000008a800000| Untracked 
|  20|0x000000008a800000, 0x000000008a900000, 0x000000008a900000|100%| O|  |TAMS 0x000000008a900000, 0x000000008a900000| Untracked 
|  21|0x000000008a900000, 0x000000008aa00000, 0x000000008aa00000|100%| O|  |TAMS 0x000000008aa00000, 0x000000008aa00000| Untracked 
|  22|0x000000008aa00000, 0x000000008ab00000, 0x000000008ab00000|100%| O|  |TAMS 0x000000008ab00000, 0x000000008ab00000| Untracked 
|  23|0x000000008ab00000, 0x000000008ac00000, 0x000000008ac00000|100%| O|  |TAMS 0x000000008ac00000, 0x000000008ac00000| Untracked 
|  24|0x000000008ac00000, 0x000000008ad00000, 0x000000008ad00000|100%| O|  |TAMS 0x000000008ad00000, 0x000000008ad00000| Untracked 
|  25|0x000000008ad00000, 0x000000008ae00000, 0x000000008ae00000|100%| O|  |TAMS 0x000000008ae00000, 0x000000008ae00000| Untracked 
|  26|0x000000008ae00000, 0x000000008af00000, 0x000000008af00000|100%| O|  |TAMS 0x000000008af00000, 0x000000008af00000| Untracked 
|  27|0x000000008af00000, 0x000000008b000000, 0x000000008b000000|100%| O|  |TAMS 0x000000008afd0a00, 0x000000008b000000| Untracked 
|  28|0x000000008b000000, 0x000000008b100000, 0x000000008b100000|100%| O|  |TAMS 0x000000008b000000, 0x000000008b000000| Untracked 
|  29|0x000000008b100000, 0x000000008b194e30, 0x000000008b200000| 58%| O|  |TAMS 0x000000008b100000, 0x000000008b100000| Untracked 
|  30|0x000000008b200000, 0x000000008b200000, 0x000000008b300000|  0%| F|  |TAMS 0x000000008b200000, 0x000000008b200000| Untracked 
|  31|0x000000008b300000, 0x000000008b300000, 0x000000008b400000|  0%| F|  |TAMS 0x000000008b300000, 0x000000008b300000| Untracked 
|  32|0x000000008b400000, 0x000000008b400000, 0x000000008b500000|  0%| F|  |TAMS 0x000000008b400000, 0x000000008b400000| Untracked 
|  33|0x000000008b500000, 0x000000008b500000, 0x000000008b600000|  0%| F|  |TAMS 0x000000008b500000, 0x000000008b500000| Untracked 
|  34|0x000000008b600000, 0x000000008b600000, 0x000000008b700000|  0%| F|  |TAMS 0x000000008b600000, 0x000000008b600000| Untracked 
|  35|0x000000008b700000, 0x000000008b700000, 0x000000008b800000|  0%| F|  |TAMS 0x000000008b700000, 0x000000008b700000| Untracked 
|  36|0x000000008b800000, 0x000000008b800000, 0x000000008b900000|  0%| F|  |TAMS 0x000000008b800000, 0x000000008b800000| Untracked 
|  37|0x000000008b900000, 0x000000008b900000, 0x000000008ba00000|  0%| F|  |TAMS 0x000000008b900000, 0x000000008b900000| Untracked 
|  38|0x000000008ba00000, 0x000000008ba00000, 0x000000008bb00000|  0%| F|  |TAMS 0x000000008ba00000, 0x000000008ba00000| Untracked 
|  39|0x000000008bb00000, 0x000000008bb00000, 0x000000008bc00000|  0%| F|  |TAMS 0x000000008bb00000, 0x000000008bb00000| Untracked 
|  40|0x000000008bc00000, 0x000000008bc00000, 0x000000008bd00000|  0%| F|  |TAMS 0x000000008bc00000, 0x000000008bc00000| Untracked 
|  41|0x000000008bd00000, 0x000000008be00000, 0x000000008be00000|100%| E|CS|TAMS 0x000000008bd00000, 0x000000008be00000| Complete 
|  42|0x000000008be00000, 0x000000008bf00000, 0x000000008bf00000|100%| E|CS|TAMS 0x000000008be00000, 0x000000008bf00000| Complete 
|  43|0x000000008bf00000, 0x000000008c000000, 0x000000008c000000|100%| E|CS|TAMS 0x000000008bf00000, 0x000000008c000000| Complete 
|  44|0x000000008c000000, 0x000000008c000000, 0x000000008c100000|  0%| F|  |TAMS 0x000000008c000000, 0x000000008c000000| Untracked 
|  45|0x000000008c100000, 0x000000008c100000, 0x000000008c200000|  0%| F|  |TAMS 0x000000008c100000, 0x000000008c100000| Untracked 
|  46|0x000000008c200000, 0x000000008c200000, 0x000000008c300000|  0%| F|  |TAMS 0x000000008c200000, 0x000000008c200000| Untracked 
|  47|0x000000008c300000, 0x000000008c300000, 0x000000008c400000|  0%| F|  |TAMS 0x000000008c300000, 0x000000008c300000| Untracked 
|  48|0x000000008c400000, 0x000000008c400000, 0x000000008c500000|  0%| F|  |TAMS 0x000000008c400000, 0x000000008c400000| Untracked 
|  49|0x000000008c500000, 0x000000008c500000, 0x000000008c600000|  0%| F|  |TAMS 0x000000008c500000, 0x000000008c500000| Untracked 
|  50|0x000000008c600000, 0x000000008c700000, 0x000000008c700000|100%| S|  |TAMS 0x000000008c600000, 0x000000008c600000| Complete 
|  51|0x000000008c700000, 0x000000008c7c0df8, 0x000000008c800000| 75%| E|CS|TAMS 0x000000008c700000, 0x000000008c7c0df8| Complete 
|  52|0x000000008c800000, 0x000000008c900000, 0x000000008c900000|100%| E|CS|TAMS 0x000000008c800000, 0x000000008c900000| Complete 
|  53|0x000000008c900000, 0x000000008ca00000, 0x000000008ca00000|100%| E|CS|TAMS 0x000000008c900000, 0x000000008ca00000| Complete 
|  54|0x000000008ca00000, 0x000000008cb00000, 0x000000008cb00000|100%| E|CS|TAMS 0x000000008ca00000, 0x000000008cb00000| Complete 
|  55|0x000000008cb00000, 0x000000008cc00000, 0x000000008cc00000|100%| E|CS|TAMS 0x000000008cb00000, 0x000000008cc00000| Complete 
|  56|0x000000008cc00000, 0x000000008cd00000, 0x000000008cd00000|100%| E|CS|TAMS 0x000000008cc00000, 0x000000008cd00000| Complete 
|  57|0x000000008cd00000, 0x000000008ce00000, 0x000000008ce00000|100%| E|CS|TAMS 0x000000008cd00000, 0x000000008ce00000| Complete 
|  58|0x000000008ce00000, 0x000000008cf00000, 0x000000008cf00000|100%| E|CS|TAMS 0x000000008ce00000, 0x000000008cf00000| Complete 
| 114|0x0000000090600000, 0x0000000090700000, 0x0000000090700000|100%| E|CS|TAMS 0x0000000090600000, 0x0000000090700000| Complete 
| 115|0x0000000090700000, 0x0000000090800000, 0x0000000090800000|100%| E|CS|TAMS 0x0000000090700000, 0x0000000090800000| Complete 
| 116|0x0000000090800000, 0x0000000090900000, 0x0000000090900000|100%| E|CS|TAMS 0x0000000090800000, 0x0000000090900000| Complete 
| 117|0x0000000090900000, 0x0000000090a00000, 0x0000000090a00000|100%| E|CS|TAMS 0x0000000090900000, 0x0000000090a00000| Complete 
| 119|0x0000000090b00000, 0x0000000090c00000, 0x0000000090c00000|100%| E|CS|TAMS 0x0000000090b00000, 0x0000000090c00000| Complete 

Card table byte_map: [0x000001c225c40000,0x000001c226000000] _byte_map_base: 0x000001c2257f6000

Marking Bits (Prev, Next): (CMBitMap*) 0x000001c212b99260, (CMBitMap*) 0x000001c212b99220
 Prev Bits: [0x000001c228170000, 0x000001c229f20000)
 Next Bits: [0x000001c2263c0000, 0x000001c228170000)

Polling page: 0x000001c210b10000

Metaspace:

Usage:
  Non-class:     41.98 MB used.
      Class:      5.74 MB used.
       Both:     47.72 MB used.

Virtual space:
  Non-class space:       48.00 MB reserved,      42.12 MB ( 88%) committed,  6 nodes.
      Class space:        1.00 GB reserved,       5.88 MB ( <1%) committed,  1 nodes.
             Both:        1.05 GB reserved,      48.00 MB (  4%) committed. 

Chunk freelists:
   Non-Class:  1.06 MB
       Class:  2.09 MB
        Both:  3.16 MB

MaxMetaspaceSize: unlimited
CompressedClassSpaceSize: 1.00 GB
Initial GC threshold: 21.00 MB
Current GC threshold: 66.81 MB
CDS: off
MetaspaceReclaimPolicy: balanced
 - commit_granule_bytes: 65536.
 - commit_granule_words: 8192.
 - virtual_space_node_default_size: 1048576.
 - enlarge_chunks_in_place: 1.
 - new_chunks_are_fully_committed: 0.
 - uncommit_free_chunks: 1.
 - use_allocation_guard: 0.
 - handle_deallocations: 1.


Internal statistics:

num_allocs_failed_limit: 6.
num_arena_births: 202.
num_arena_deaths: 0.
num_vsnodes_births: 7.
num_vsnodes_deaths: 0.
num_space_committed: 766.
num_space_uncommitted: 0.
num_chunks_returned_to_freelist: 6.
num_chunks_taken_from_freelist: 1553.
num_chunk_merges: 6.
num_chunk_splits: 1272.
num_chunks_enlarged: 1138.
num_purges: 0.
num_inconsistent_stats: 0.

CodeHeap 'non-profiled nmethods': size=119168Kb used=1750Kb max_used=1750Kb free=117417Kb
 bounds [0x000001c21dba0000, 0x000001c21de10000, 0x000001c225000000]
CodeHeap 'profiled nmethods': size=119104Kb used=8762Kb max_used=8762Kb free=110342Kb
 bounds [0x000001c216000000, 0x000001c216890000, 0x000001c21d450000]
CodeHeap 'non-nmethods': size=7488Kb used=2961Kb max_used=3007Kb free=4526Kb
 bounds [0x000001c21d450000, 0x000001c21d750000, 0x000001c21dba0000]
 total_blobs=4622 nmethods=4034 adapters=497
 compilation: enabled
              stopped_count=0, restarted_count=0
 full_count=0

Compilation events (20 events):
Event: 3.888 Thread 0x000001c22d9b9800 4030       3       org.jetbrains.kotlin.load.java.structure.impl.classFiles.AnnotationsAndParameterCollectorMethodVisitor::<init> (100 bytes)
Event: 3.889 Thread 0x000001c22ddf9260 nmethod 4028 0x000001c21687c110 code [0x000001c21687c440, 0x000001c21687d818]
Event: 3.889 Thread 0x000001c22d864910 nmethod 4029 0x000001c21687df90 code [0x000001c21687e380, 0x000001c21687fe08]
Event: 3.889 Thread 0x000001c22ddf9260 4034       3       org.jetbrains.org.objectweb.asm.ClassReader::readElementValue (1237 bytes)
Event: 3.890 Thread 0x000001c22d864910 4031       3       org.jetbrains.org.objectweb.asm.MethodVisitor::<init> (7 bytes)
Event: 3.890 Thread 0x000001c22d9b9800 nmethod 4030 0x000001c216880710 code [0x000001c216880aa0, 0x000001c216882178]
Event: 3.890 Thread 0x000001c22d9b9800 4032       3       org.jetbrains.org.objectweb.asm.MethodVisitor::<init> (94 bytes)
Event: 3.890 Thread 0x000001c22d864910 nmethod 4031 0x000001c216882890 code [0x000001c216882a40, 0x000001c216882b88]
Event: 3.890 Thread 0x000001c22d864910 4033       3       org.jetbrains.kotlin.com.intellij.util.pico.DefaultPicoContainer$InstanceComponentAdapter::getComponentInstance (5 bytes)
Event: 3.890 Thread 0x000001c22d864910 nmethod 4033 0x000001c216882c10 code [0x000001c216882da0, 0x000001c216882eb8]
Event: 3.890 Thread 0x000001c22d864910 4035       1       org.jetbrains.kotlin.protobuf.GeneratedMessageLite$ExtendableMessage::access$200 (5 bytes)
Event: 3.890 Thread 0x000001c22d864910 nmethod 4035 0x000001c21dd55510 code [0x000001c21dd556a0, 0x000001c21dd55758]
Event: 3.890 Thread 0x000001c22d9b72e0 nmethod 4026 0x000001c216882f90 code [0x000001c216883480, 0x000001c216885508]
Event: 3.890 Thread 0x000001c22d864910 4036       1       org.jetbrains.kotlin.protobuf.SmallSortedMap::access$600 (5 bytes)
Event: 3.890 Thread 0x000001c22d864910 nmethod 4036 0x000001c21dd55810 code [0x000001c21dd559a0, 0x000001c21dd55a58]
Event: 3.890 Thread 0x000001c22d9b9800 nmethod 4032 0x000001c216886510 code [0x000001c216886760, 0x000001c216887068]
Event: 3.891 Thread 0x000001c22f2f5c30 4037       4       java.lang.StringUTF16::compress (20 bytes)
Event: 3.891 Thread 0x000001c22d9b9800 4038       3       org.jetbrains.org.objectweb.asm.ClassReader::readElementValues (88 bytes)
Event: 3.892 Thread 0x000001c22d9b9800 nmethod 4038 0x000001c216887310 code [0x000001c216887520, 0x000001c216887b58]
Event: 3.893 Thread 0x000001c22ddf9260 nmethod 4034 0x000001c216887e10 code [0x000001c216888660, 0x000001c21688ce78]

GC Heap History (20 events):
Event: 0.652 GC heap after
{Heap after GC invocations=1 (full 0):
 garbage-first heap   total 122880K, used 7384K [0x0000000089400000, 0x0000000100000000)
  region size 1024K, 3 young (3072K), 3 survivors (3072K)
 Metaspace       used 12786K, committed 12928K, reserved 1064960K
  class space    used 1183K, committed 1280K, reserved 1048576K
}
Event: 1.384 GC heap before
{Heap before GC invocations=1 (full 0):
 garbage-first heap   total 122880K, used 40152K [0x0000000089400000, 0x0000000100000000)
  region size 1024K, 35 young (35840K), 3 survivors (3072K)
 Metaspace       used 21114K, committed 21312K, reserved 1073152K
  class space    used 2267K, committed 2368K, reserved 1048576K
}
Event: 1.396 GC heap after
{Heap after GC invocations=2 (full 0):
 garbage-first heap   total 122880K, used 11065K [0x0000000089400000, 0x0000000100000000)
  region size 1024K, 4 young (4096K), 4 survivors (4096K)
 Metaspace       used 21114K, committed 21312K, reserved 1073152K
  class space    used 2267K, committed 2368K, reserved 1048576K
}
Event: 1.411 GC heap before
{Heap before GC invocations=2 (full 0):
 garbage-first heap   total 122880K, used 12089K [0x0000000089400000, 0x0000000100000000)
  region size 1024K, 6 young (6144K), 4 survivors (4096K)
 Metaspace       used 21364K, committed 21504K, reserved 1073152K
  class space    used 2291K, committed 2368K, reserved 1048576K
}
Event: 1.415 GC heap after
{Heap after GC invocations=3 (full 0):
 garbage-first heap   total 122880K, used 11087K [0x0000000089400000, 0x0000000100000000)
  region size 1024K, 4 young (4096K), 4 survivors (4096K)
 Metaspace       used 21364K, committed 21504K, reserved 1073152K
  class space    used 2291K, committed 2368K, reserved 1048576K
}
Event: 1.889 GC heap before
{Heap before GC invocations=4 (full 0):
 garbage-first heap   total 45056K, used 35663K [0x0000000089400000, 0x0000000100000000)
  region size 1024K, 25 young (25600K), 4 survivors (4096K)
 Metaspace       used 27784K, committed 28032K, reserved 1081344K
  class space    used 3019K, committed 3136K, reserved 1048576K
}
Event: 1.898 GC heap after
{Heap after GC invocations=5 (full 0):
 garbage-first heap   total 45056K, used 17006K [0x0000000089400000, 0x0000000100000000)
  region size 1024K, 2 young (2048K), 2 survivors (2048K)
 Metaspace       used 27784K, committed 28032K, reserved 1081344K
  class space    used 3019K, committed 3136K, reserved 1048576K
}
Event: 2.236 GC heap before
{Heap before GC invocations=5 (full 0):
 garbage-first heap   total 45056K, used 32366K [0x0000000089400000, 0x0000000100000000)
  region size 1024K, 18 young (18432K), 2 survivors (2048K)
 Metaspace       used 31864K, committed 32064K, reserved 1081344K
  class space    used 3822K, committed 3904K, reserved 1048576K
}
Event: 2.242 GC heap after
{Heap after GC invocations=6 (full 0):
 garbage-first heap   total 54272K, used 19087K [0x0000000089400000, 0x0000000100000000)
  region size 1024K, 2 young (2048K), 2 survivors (2048K)
 Metaspace       used 31864K, committed 32064K, reserved 1081344K
  class space    used 3822K, committed 3904K, reserved 1048576K
}
Event: 2.560 GC heap before
{Heap before GC invocations=6 (full 0):
 garbage-first heap   total 54272K, used 40591K [0x0000000089400000, 0x0000000100000000)
  region size 1024K, 22 young (22528K), 2 survivors (2048K)
 Metaspace       used 33814K, committed 33984K, reserved 1081344K
  class space    used 4254K, committed 4352K, reserved 1048576K
}
Event: 2.577 GC heap after
{Heap after GC invocations=7 (full 0):
 garbage-first heap   total 54272K, used 26235K [0x0000000089400000, 0x0000000100000000)
  region size 1024K, 3 young (3072K), 3 survivors (3072K)
 Metaspace       used 33814K, committed 33984K, reserved 1081344K
  class space    used 4254K, committed 4352K, reserved 1048576K
}
Event: 2.790 GC heap before
{Heap before GC invocations=7 (full 0):
 garbage-first heap   total 54272K, used 34427K [0x0000000089400000, 0x0000000100000000)
  region size 1024K, 12 young (12288K), 3 survivors (3072K)
 Metaspace       used 35975K, committed 36096K, reserved 1081344K
  class space    used 4488K, committed 4544K, reserved 1048576K
}
Event: 2.797 GC heap after
{Heap after GC invocations=8 (full 0):
 garbage-first heap   total 54272K, used 27611K [0x0000000089400000, 0x0000000100000000)
  region size 1024K, 1 young (1024K), 1 survivors (1024K)
 Metaspace       used 35975K, committed 36096K, reserved 1081344K
  class space    used 4488K, committed 4544K, reserved 1048576K
}
Event: 2.986 GC heap before
{Heap before GC invocations=9 (full 0):
 garbage-first heap   total 54272K, used 40923K [0x0000000089400000, 0x0000000100000000)
  region size 1024K, 14 young (14336K), 1 survivors (1024K)
 Metaspace       used 38083K, committed 38336K, reserved 1089536K
  class space    used 4747K, committed 4864K, reserved 1048576K
}
Event: 2.990 GC heap after
{Heap after GC invocations=10 (full 0):
 garbage-first heap   total 54272K, used 27682K [0x0000000089400000, 0x0000000100000000)
  region size 1024K, 2 young (2048K), 2 survivors (2048K)
 Metaspace       used 38083K, committed 38336K, reserved 1089536K
  class space    used 4747K, committed 4864K, reserved 1048576K
}
Event: 3.176 GC heap before
{Heap before GC invocations=10 (full 0):
 garbage-first heap   total 54272K, used 39970K [0x0000000089400000, 0x0000000100000000)
  region size 1024K, 15 young (15360K), 2 survivors (2048K)
 Metaspace       used 40690K, committed 40896K, reserved 1089536K
  class space    used 4983K, committed 5056K, reserved 1048576K
}
Event: 3.181 GC heap after
{Heap after GC invocations=11 (full 0):
 garbage-first heap   total 65536K, used 29430K [0x0000000089400000, 0x0000000100000000)
  region size 1024K, 2 young (2048K), 2 survivors (2048K)
 Metaspace       used 40690K, committed 40896K, reserved 1089536K
  class space    used 4983K, committed 5056K, reserved 1048576K
}
Event: 3.539 GC heap before
{Heap before GC invocations=12 (full 0):
 garbage-first heap   total 65536K, used 49910K [0x0000000089400000, 0x0000000100000000)
  region size 1024K, 22 young (22528K), 2 survivors (2048K)
 Metaspace       used 45733K, committed 46016K, reserved 1097728K
  class space    used 5483K, committed 5632K, reserved 1048576K
}
Event: 3.544 GC heap after
{Heap after GC invocations=13 (full 0):
 garbage-first heap   total 65536K, used 30943K [0x0000000089400000, 0x0000000100000000)
  region size 1024K, 3 young (3072K), 3 survivors (3072K)
 Metaspace       used 45733K, committed 46016K, reserved 1097728K
  class space    used 5483K, committed 5632K, reserved 1048576K
}
Event: 3.893 GC heap before
{Heap before GC invocations=13 (full 0):
 garbage-first heap   total 65536K, used 43231K [0x0000000089400000, 0x0000000100000000)
  region size 1024K, 16 young (16384K), 3 survivors (3072K)
 Metaspace       used 48869K, committed 49152K, reserved 1097728K
  class space    used 5877K, committed 6016K, reserved 1048576K
}

Dll operation events (2 events):
Event: 0.013 Loaded shared library C:\Program Files\Android\Android Studio1\jbr\bin\java.dll
Event: 1.216 Loaded shared library C:\Program Files\Android\Android Studio1\jbr\bin\verify.dll

Deoptimization events (20 events):
Event: 3.856 Thread 0x000001c212b428f0 DEOPT PACKING pc=0x000001c21dcc68ac sp=0x0000000cc14fa790
Event: 3.856 Thread 0x000001c212b428f0 DEOPT UNPACKING pc=0x000001c21d4a69a3 sp=0x0000000cc14fa670 mode 2
Event: 3.862 Thread 0x000001c212b428f0 Uncommon trap: trap_request=0xffffffde fr.pc=0x000001c21dd04d38 relative=0x00000000000008b8
Event: 3.862 Thread 0x000001c212b428f0 Uncommon trap: reason=class_check action=maybe_recompile pc=0x000001c21dd04d38 method=org.jetbrains.kotlin.protobuf.FieldSet.isInitialized(Ljava/util/Map$Entry;)Z @ 92 c2
Event: 3.862 Thread 0x000001c212b428f0 DEOPT PACKING pc=0x000001c21dd04d38 sp=0x0000000cc14faa80
Event: 3.862 Thread 0x000001c212b428f0 DEOPT UNPACKING pc=0x000001c21d4a69a3 sp=0x0000000cc14fa950 mode 2
Event: 3.865 Thread 0x000001c212b428f0 Uncommon trap: trap_request=0xffffffde fr.pc=0x000001c21dd031bc relative=0x000000000000083c
Event: 3.865 Thread 0x000001c212b428f0 Uncommon trap: reason=class_check action=maybe_recompile pc=0x000001c21dd031bc method=org.jetbrains.kotlin.protobuf.FieldSet.isInitialized(Ljava/util/Map$Entry;)Z @ 92 c2
Event: 3.865 Thread 0x000001c212b428f0 DEOPT PACKING pc=0x000001c21dd031bc sp=0x0000000cc14faa80
Event: 3.865 Thread 0x000001c212b428f0 DEOPT UNPACKING pc=0x000001c21d4a69a3 sp=0x0000000cc14fa9c8 mode 2
Event: 3.867 Thread 0x000001c212b428f0 Uncommon trap: trap_request=0xffffffde fr.pc=0x000001c21dd031bc relative=0x000000000000083c
Event: 3.867 Thread 0x000001c212b428f0 Uncommon trap: reason=class_check action=maybe_recompile pc=0x000001c21dd031bc method=org.jetbrains.kotlin.protobuf.FieldSet.isInitialized(Ljava/util/Map$Entry;)Z @ 92 c2
Event: 3.867 Thread 0x000001c212b428f0 DEOPT PACKING pc=0x000001c21dd031bc sp=0x0000000cc14faa80
Event: 3.867 Thread 0x000001c212b428f0 DEOPT UNPACKING pc=0x000001c21d4a69a3 sp=0x0000000cc14fa9c8 mode 2
Event: 3.867 Thread 0x000001c212b428f0 Uncommon trap: trap_request=0xffffffde fr.pc=0x000001c21dd031bc relative=0x000000000000083c
Event: 3.867 Thread 0x000001c212b428f0 Uncommon trap: reason=class_check action=maybe_recompile pc=0x000001c21dd031bc method=org.jetbrains.kotlin.protobuf.FieldSet.isInitialized(Ljava/util/Map$Entry;)Z @ 92 c2
Event: 3.867 Thread 0x000001c212b428f0 DEOPT PACKING pc=0x000001c21dd031bc sp=0x0000000cc14faa80
Event: 3.867 Thread 0x000001c212b428f0 DEOPT UNPACKING pc=0x000001c21d4a69a3 sp=0x0000000cc14fa9c8 mode 2
Event: 3.888 Thread 0x000001c212b428f0 DEOPT PACKING pc=0x000001c216818c65 sp=0x0000000cc14fa910
Event: 3.888 Thread 0x000001c212b428f0 DEOPT UNPACKING pc=0x000001c21d4a7143 sp=0x0000000cc14f9d60 mode 0

Classes unloaded (0 events):
No events

Classes redefined (0 events):
No events

Internal exceptions (20 events):
Event: 1.121 Thread 0x000001c212b428f0 Exception <a 'java/lang/NoSuchMethodError'{0x000000008f67d298}: 'int java.lang.invoke.DelegatingMethodHandle$Holder.reinvoke_L(java.lang.Object, java.lang.Object, java.lang.Object, long, int)'> (0x000000008f67d298) 
thrown [s\src\hotspot\share\interpreter\linkResolver.cpp, line 771]
Event: 1.221 Thread 0x000001c212b428f0 Exception <a 'java/lang/NoSuchMethodError'{0x000000008f0eccb8}: 'java.lang.Object java.lang.invoke.DirectMethodHandle$Holder.invokeStaticInit(java.lang.Object)'> (0x000000008f0eccb8) 
thrown [s\src\hotspot\share\interpreter\linkResolver.cpp, line 771]
Event: 1.378 Thread 0x000001c212b428f0 Exception <a 'java/lang/NoSuchMethodError'{0x000000008e99f528}: 'java.lang.Object java.lang.invoke.DirectMethodHandle$Holder.invokeStaticInit(java.lang.Object, int)'> (0x000000008e99f528) 
thrown [s\src\hotspot\share\interpreter\linkResolver.cpp, line 771]
Event: 1.400 Thread 0x000001c212b428f0 Exception <a 'java/lang/NoSuchMethodError'{0x0000000090b2e240}: 'void java.lang.invoke.DirectMethodHandle$Holder.invokeStatic(java.lang.Object, java.lang.Object)'> (0x0000000090b2e240) 
thrown [s\src\hotspot\share\interpreter\linkResolver.cpp, line 771]
Event: 1.434 Thread 0x000001c212b428f0 Exception <a 'java/lang/NoSuchMethodError'{0x0000000090bbd708}: 'long java.lang.invoke.DirectMethodHandle$Holder.invokeStatic(java.lang.Object)'> (0x0000000090bbd708) 
thrown [s\src\hotspot\share\interpreter\linkResolver.cpp, line 771]
Event: 1.434 Thread 0x000001c212b428f0 Exception <a 'java/lang/NoSuchMethodError'{0x0000000090bc0e60}: 'long java.lang.invoke.DirectMethodHandle$Holder.invokeStaticInit(java.lang.Object)'> (0x0000000090bc0e60) 
thrown [s\src\hotspot\share\interpreter\linkResolver.cpp, line 771]
Event: 1.511 Thread 0x000001c212b428f0 Exception <a 'java/lang/NoSuchMethodError'{0x000000008b7bc670}: 'int java.lang.invoke.DirectMethodHandle$Holder.invokeStaticInit(java.lang.Object, java.lang.Object, java.lang.Object)'> (0x000000008b7bc670) 
thrown [s\src\hotspot\share\interpreter\linkResolver.cpp, line 771]
Event: 1.515 Thread 0x000001c212b428f0 Exception <a 'java/lang/NoSuchMethodError'{0x000000008b7e40b8}: 'int java.lang.invoke.DirectMethodHandle$Holder.invokeStaticInit(java.lang.Object, java.lang.Object)'> (0x000000008b7e40b8) 
thrown [s\src\hotspot\share\interpreter\linkResolver.cpp, line 771]
Event: 1.533 Thread 0x000001c212b428f0 Exception <a 'java/lang/NoSuchMethodError'{0x000000008b6bebc0}: 'void java.lang.invoke.DirectMethodHandle$Holder.invokeSpecial(java.lang.Object, java.lang.Object, java.lang.Object)'> (0x000000008b6bebc0) 
thrown [s\src\hotspot\share\interpreter\linkResolver.cpp, line 771]
Event: 1.827 Thread 0x000001c212b428f0 Exception <a 'java/lang/NoSuchMethodError'{0x000000008aaed0c8}: 'void java.lang.invoke.DirectMethodHandle$Holder.invokeStatic(java.lang.Object, java.lang.Object, java.lang.Object, java.lang.Object)'> (0x000000008aaed0c8) 
thrown [s\src\hotspot\share\interpreter\linkResolver.cpp, line 771]
Event: 1.912 Thread 0x000001c212b428f0 Exception <a 'java/lang/NoSuchMethodError'{0x0000000090b9e6f8}: 'void java.lang.invoke.DirectMethodHandle$Holder.invokeStaticInit(java.lang.Object, java.lang.Object)'> (0x0000000090b9e6f8) 
thrown [s\src\hotspot\share\interpreter\linkResolver.cpp, line 771]
Event: 2.013 Thread 0x000001c212b428f0 Exception <a 'java/lang/NoSuchMethodError'{0x00000000906cbbd0}: 'void java.lang.invoke.DirectMethodHandle$Holder.invokeVirtual(java.lang.Object, java.lang.Object)'> (0x00000000906cbbd0) 
thrown [s\src\hotspot\share\interpreter\linkResolver.cpp, line 771]
Event: 2.034 Thread 0x000001c212b428f0 Exception <a 'java/lang/NoSuchMethodError'{0x000000008ba85390}: 'int java.lang.invoke.DirectMethodHandle$Holder.invokeVirtual(java.lang.Object, java.lang.Object)'> (0x000000008ba85390) 
thrown [s\src\hotspot\share\interpreter\linkResolver.cpp, line 771]
Event: 2.056 Thread 0x000001c212b428f0 Exception <a 'java/lang/NoSuchMethodError'{0x000000008b92ccf8}: 'java.lang.Object java.lang.invoke.Invokers$Holder.invokeExact_MT(java.lang.Object, java.lang.Object, java.lang.Object, java.lang.Object, java.lang.Object, java.lang.Object)'> (0x000000008b92ccf8) 
thrown [s\src\hotspot\share\interpreter\linkResolver.cpp, line 771]
Event: 2.857 Thread 0x000001c212b428f0 Exception <a 'java/lang/NoSuchMethodError'{0x00000000907a35e8}: 'java.lang.Object java.lang.invoke.DirectMethodHandle$Holder.invokeVirtual(java.lang.Object, java.lang.Object, java.lang.Object)'> (0x00000000907a35e8) 
thrown [s\src\hotspot\share\interpreter\linkResolver.cpp, line 771]
Event: 3.453 Thread 0x000001c212b428f0 Exception <a 'java/lang/NoSuchMethodError'{0x000000008c217b98}: 'java.lang.Object java.lang.invoke.DirectMethodHandle$Holder.newInvokeSpecial(java.lang.Object, java.lang.Object, int)'> (0x000000008c217b98) 
thrown [s\src\hotspot\share\interpreter\linkResolver.cpp, line 771]
Event: 3.555 Thread 0x000001c212b428f0 Exception <a 'java/lang/NoSuchMethodError'{0x0000000090b55ca0}: 'java.lang.Object java.lang.invoke.DirectMethodHandle$Holder.newInvokeSpecial(java.lang.Object, java.lang.Object, java.lang.Object, int)'> (0x0000000090b55ca0) 
thrown [s\src\hotspot\share\interpreter\linkResolver.cpp, line 771]
Event: 3.555 Thread 0x000001c212b428f0 Exception <a 'java/lang/NoSuchMethodError'{0x0000000090b5a328}: 'java.lang.Object java.lang.invoke.DirectMethodHandle$Holder.invokeSpecial(java.lang.Object, java.lang.Object, java.lang.Object, java.lang.Object, int)'> (0x0000000090b5a328) 
thrown [s\src\hotspot\share\interpreter\linkResolver.cpp, line 771]
Event: 3.556 Thread 0x000001c212b428f0 Exception <a 'java/lang/NoSuchMethodError'{0x0000000090b5e198}: 'java.lang.Object java.lang.invoke.Invokers$Holder.linkToTargetMethod(java.lang.Object, java.lang.Object, int, java.lang.Object)'> (0x0000000090b5e198) 
thrown [s\src\hotspot\share\interpreter\linkResolver.cpp, line 771]
Event: 3.777 Thread 0x000001c212b428f0 Exception <a 'java/lang/NoSuchMethodError'{0x000000008cbdc918}: 'java.lang.Object java.lang.invoke.DirectMethodHandle$Holder.invokeInterface(java.lang.Object, java.lang.Object)'> (0x000000008cbdc918) 
thrown [s\src\hotspot\share\interpreter\linkResolver.cpp, line 771]

VM Operations (20 events):
Event: 3.527 Executing VM operation: HandshakeAllThreads done
Event: 3.538 Executing VM operation: G1CollectForAllocation
Event: 3.544 Executing VM operation: G1CollectForAllocation done
Event: 3.553 Executing VM operation: HandshakeAllThreads
Event: 3.553 Executing VM operation: HandshakeAllThreads done
Event: 3.571 Executing VM operation: HandshakeAllThreads
Event: 3.571 Executing VM operation: HandshakeAllThreads done
Event: 3.616 Executing VM operation: HandshakeAllThreads
Event: 3.616 Executing VM operation: HandshakeAllThreads done
Event: 3.656 Executing VM operation: HandshakeAllThreads
Event: 3.657 Executing VM operation: HandshakeAllThreads done
Event: 3.659 Executing VM operation: HandshakeAllThreads
Event: 3.659 Executing VM operation: HandshakeAllThreads done
Event: 3.785 Executing VM operation: HandshakeAllThreads
Event: 3.785 Executing VM operation: HandshakeAllThreads done
Event: 3.843 Executing VM operation: HandshakeAllThreads
Event: 3.843 Executing VM operation: HandshakeAllThreads done
Event: 3.850 Executing VM operation: HandshakeAllThreads
Event: 3.850 Executing VM operation: HandshakeAllThreads done
Event: 3.893 Executing VM operation: G1TryInitiateConcMark

Events (20 events):
Event: 3.434 loading class java/util/PrimitiveIterator$OfInt
Event: 3.434 loading class java/util/PrimitiveIterator
Event: 3.434 loading class java/util/PrimitiveIterator done
Event: 3.434 loading class java/util/PrimitiveIterator$OfInt done
Event: 3.447 loading class java/util/AbstractMap$SimpleImmutableEntry
Event: 3.447 loading class java/util/AbstractMap$SimpleImmutableEntry done
Event: 3.452 loading class java/util/function/IntUnaryOperator
Event: 3.452 loading class java/util/function/IntUnaryOperator done
Event: 3.527 loading class java/util/ArrayList$ListItr
Event: 3.527 loading class java/util/ArrayList$ListItr done
Event: 3.615 loading class java/util/AbstractList$SubList$1
Event: 3.615 loading class java/util/AbstractList$SubList$1 done
Event: 3.615 loading class java/util/AbstractList$ListItr
Event: 3.615 loading class java/util/AbstractList$ListItr done
Event: 3.658 loading class java/security/CodeSigner
Event: 3.658 loading class java/security/CodeSigner done
Event: 3.703 loading class java/text/StringCharacterIterator
Event: 3.703 loading class java/text/CharacterIterator
Event: 3.703 loading class java/text/CharacterIterator done
Event: 3.703 loading class java/text/StringCharacterIterator done


Dynamic libraries:
0x00007ff728300000 - 0x00007ff72830a000 	C:\Program Files\Android\Android Studio1\jbr\bin\java.exe
0x00007fffb9bd0000 - 0x00007fffb9de4000 	C:\WINDOWS\SYSTEM32\ntdll.dll
0x00007fff44710000 - 0x00007fff44729000 	C:\Program Files\Avast Software\Avast\aswhook.dll
0x00007fffb8950000 - 0x00007fffb8a14000 	C:\WINDOWS\System32\KERNEL32.DLL
0x00007fffb74c0000 - 0x00007fffb7864000 	C:\WINDOWS\System32\KERNELBASE.dll
0x00007fffb7870000 - 0x00007fffb7981000 	C:\WINDOWS\System32\ucrtbase.dll
0x00007fffaed50000 - 0x00007fffaed6b000 	C:\Program Files\Android\Android Studio1\jbr\bin\VCRUNTIME140.dll
0x00007fffa4360000 - 0x00007fffa4377000 	C:\Program Files\Android\Android Studio1\jbr\bin\jli.dll
0x00007fffb99e0000 - 0x00007fffb9b8a000 	C:\WINDOWS\System32\USER32.dll
0x00007fffb61a0000 - 0x00007fffb642f000 	C:\WINDOWS\WinSxS\amd64_microsoft.windows.common-controls_6595b64144ccf1df_6.0.22621.2070_none_2713e6537381f706\COMCTL32.dll
0x00007fffb7190000 - 0x00007fffb71b6000 	C:\WINDOWS\System32\win32u.dll
0x00007fffb8a20000 - 0x00007fffb8ac7000 	C:\WINDOWS\System32\msvcrt.dll
0x00007fffb8e60000 - 0x00007fffb8e89000 	C:\WINDOWS\System32\GDI32.dll
0x00007fffb7280000 - 0x00007fffb7399000 	C:\WINDOWS\System32\gdi32full.dll
0x00007fffb73a0000 - 0x00007fffb743a000 	C:\WINDOWS\System32\msvcp_win.dll
0x00007fffb80f0000 - 0x00007fffb8121000 	C:\WINDOWS\System32\IMM32.DLL
0x00007fffa1460000 - 0x00007fffa146c000 	C:\Program Files\Android\Android Studio1\jbr\bin\vcruntime140_1.dll
0x00007fff96910000 - 0x00007fff9699d000 	C:\Program Files\Android\Android Studio1\jbr\bin\msvcp140.dll
0x00007fff27600000 - 0x00007fff2826e000 	C:\Program Files\Android\Android Studio1\jbr\bin\server\jvm.dll
0x00007fffb9890000 - 0x00007fffb9940000 	C:\WINDOWS\System32\ADVAPI32.dll
0x00007fffb8020000 - 0x00007fffb80c6000 	C:\WINDOWS\System32\sechost.dll
0x00007fffb7ed0000 - 0x00007fffb7fe7000 	C:\WINDOWS\System32\RPCRT4.dll
0x00007fffae950000 - 0x00007fffae984000 	C:\WINDOWS\SYSTEM32\WINMM.dll
0x00007fffa20b0000 - 0x00007fffa20b9000 	C:\WINDOWS\SYSTEM32\WSOCK32.dll
0x00007fffae990000 - 0x00007fffae99a000 	C:\WINDOWS\SYSTEM32\VERSION.dll
0x00007fffb7c40000 - 0x00007fffb7cb1000 	C:\WINDOWS\System32\WS2_32.dll
0x00007fffb5700000 - 0x00007fffb5718000 	C:\WINDOWS\SYSTEM32\kernel.appcore.dll
0x00007fffb1910000 - 0x00007fffb191a000 	C:\Program Files\Android\Android Studio1\jbr\bin\jimage.dll
0x00007fffb6850000 - 0x00007fffb6a7e000 	C:\WINDOWS\SYSTEM32\DBGHELP.DLL
0x00007fffb8ad0000 - 0x00007fffb8e5a000 	C:\WINDOWS\System32\combase.dll
0x00007fffb7cc0000 - 0x00007fffb7d97000 	C:\WINDOWS\System32\OLEAUT32.dll
0x00007fffb6700000 - 0x00007fffb6732000 	C:\WINDOWS\SYSTEM32\dbgcore.DLL
0x00007fffb7440000 - 0x00007fffb74ba000 	C:\WINDOWS\System32\bcryptPrimitives.dll
0x00007fff99c30000 - 0x00007fff99c55000 	C:\Program Files\Android\Android Studio1\jbr\bin\java.dll
0x00007fffb04b0000 - 0x00007fffb04c8000 	C:\Program Files\Android\Android Studio1\jbr\bin\zip.dll
0x00007fffb8130000 - 0x00007fffb8946000 	C:\WINDOWS\System32\SHELL32.dll
0x00007fffb4570000 - 0x00007fffb4e5a000 	C:\WINDOWS\SYSTEM32\windows.storage.dll
0x00007fffb4430000 - 0x00007fffb456e000 	C:\WINDOWS\SYSTEM32\wintypes.dll
0x00007fffb7a90000 - 0x00007fffb7b83000 	C:\WINDOWS\System32\SHCORE.dll
0x00007fffb97c0000 - 0x00007fffb981e000 	C:\WINDOWS\System32\shlwapi.dll
0x00007fffb6ee0000 - 0x00007fffb6f06000 	C:\WINDOWS\SYSTEM32\profapi.dll
0x00007fffb0280000 - 0x00007fffb0299000 	C:\Program Files\Android\Android Studio1\jbr\bin\net.dll
0x00007fffae7c0000 - 0x00007fffae8f7000 	C:\WINDOWS\SYSTEM32\WINHTTP.dll
0x00007fffb5bd0000 - 0x00007fffb5c39000 	C:\WINDOWS\system32\mswsock.dll
0x00007fffaf730000 - 0x00007fffaf746000 	C:\Program Files\Android\Android Studio1\jbr\bin\nio.dll
0x00007fffaefe0000 - 0x00007fffaeff0000 	C:\Program Files\Android\Android Studio1\jbr\bin\verify.dll

dbghelp: loaded successfully - version: 4.0.5 - missing functions: none
symbol engine: initialized successfully - sym options: 0x614 - pdb path: .;C:\Program Files\Android\Android Studio1\jbr\bin;C:\WINDOWS\SYSTEM32;C:\Program Files\Avast Software\Avast;C:\WINDOWS\WinSxS\amd64_microsoft.windows.common-controls_6595b64144ccf1df_6.0.22621.2070_none_2713e6537381f706;C:\Program Files\Android\Android Studio1\jbr\bin\server

VM Arguments:
java_command: org.jetbrains.kotlin.cli.jvm.K2JVMCompiler @F:\summer_23\practiceapp\MobileClinic2\app\build\20231021_7527724207818393518.compiler.options
java_class_path (initial): C:\Users\Fannana Fahrin\.gradle\caches\modules-2\files-2.1\org.jetbrains.kotlin\kotlin-compiler-embeddable\1.7.20\8db18559a581dd2c36ddfd5046af145650f5b126\kotlin-compiler-embeddable-1.7.20.jar;C:\Users\Fannana Fahrin\.gradle\caches\modules-2\files-2.1\org.jetbrains.kotlin\kotlin-reflect\1.7.20\12b2501e33bb6373e8e347c86d85481863629381\kotlin-reflect-1.7.20.jar;C:\Users\Fannana Fahrin\.gradle\caches\modules-2\files-2.1\org.jetbrains.kotlin\kotlin-stdlib\1.7.20\726594ea9ba2beb2ee113647fefa9a10f9fabe52\kotlin-stdlib-1.7.20.jar;C:\Users\Fannana Fahrin\.gradle\caches\modules-2\files-2.1\org.jetbrains.kotlin\kotlin-script-runtime\1.7.20\bcd1cc6f865e632550357fcc59f5ffd532615a8\kotlin-script-runtime-1.7.20.jar;C:\Users\Fannana Fahrin\.gradle\caches\modules-2\files-2.1\org.jetbrains.kotlin\kotlin-daemon-embeddable\1.7.20\1e24355adad8d529d75d5b19eab55484057431ba\kotlin-daemon-embeddable-1.7.20.jar;C:\Users\Fannana Fahrin\.gradle\caches\modules-2\files-2.1\org.jetbrains.intellij.deps\trove4j\1.0.20200330\3afb14d5f9ceb459d724e907a21145e8ff394f02\trove4j-1.0.20200330.jar;C:\Users\Fannana Fahrin\.gradle\caches\modules-2\files-2.1\net.java.dev.jna\jna\5.6.0\330f2244e9030119ab3030fc3fededc86713d9cc\jna-5.6.0.jar;C:\Users\Fannana Fahrin\.gradle\caches\modules-2\files-2.1\org.jetbrains.kotlin\kotlin-stdlib-common\1.7.20\e15351bdaf9fa06f009be5da7a202e4184f00ae3\kotlin-stdlib-common-1.7.20.jar;C:\Users\Fannana Fahrin\.gradle\caches\modules-2\files-2.1\org.jetbrains\annotations\13.0\919f0dfe192fb4e063e7dacadee7f8bb9a2672a9\annotations-13.0.jar
Launcher Type: SUN_STANDARD

[Global flags]
     intx CICompilerCount                          = 12                                        {product} {ergonomic}
     uint ConcGCThreads                            = 3                                         {product} {ergonomic}
     uint G1ConcRefinementThreads                  = 13                                        {product} {ergonomic}
   size_t G1HeapRegionSize                         = 1048576                                   {product} {ergonomic}
    uintx GCDrainStackTargetSize                   = 64                                        {product} {ergonomic}
   size_t InitialHeapSize                          = 125829120                                 {product} {ergonomic}
   size_t MarkStackSize                            = 4194304                                   {product} {ergonomic}
   size_t MaxHeapSize                              = 1992294400                                {product} {ergonomic}
   size_t MaxNewSize                               = 1195376640                                {product} {ergonomic}
   size_t MinHeapDeltaBytes                        = 1048576                                   {product} {ergonomic}
   size_t MinHeapSize                              = 8388608                                   {product} {ergonomic}
    uintx NonNMethodCodeHeapSize                   = 7602480                                {pd product} {ergonomic}
    uintx NonProfiledCodeHeapSize                  = 122027880                              {pd product} {ergonomic}
    uintx ProfiledCodeHeapSize                     = 122027880                              {pd product} {ergonomic}
    uintx ReservedCodeCacheSize                    = 251658240                              {pd product} {ergonomic}
     bool SegmentedCodeCache                       = true                                      {product} {ergonomic}
   size_t SoftMaxHeapSize                          = 1992294400                             {manageable} {ergonomic}
     bool UseCompressedClassPointers               = true                           {product lp64_product} {ergonomic}
     bool UseCompressedOops                        = true                           {product lp64_product} {ergonomic}
     bool UseG1GC                                  = true                                      {product} {ergonomic}
     bool UseLargePagesIndividualAllocation        = false                                  {pd product} {ergonomic}

Logging:
Log output configuration:
 #0: stdout all=warning uptime,level,tags
 #1: stderr all=off uptime,level,tags

Environment Variables:
PATH=C:\Program Files (x86)\Common Files\Oracle\Java\javapath;C:\Program Files\Common Files\Oracle\Java\javapath;C:\Windows\system32;C:\Windows;C:\Windows\System32\Wbem;C:\Windows\System32\WindowsPowerShell\v1.0\;C:\Windows\System32\OpenSSH\;C:\Program Files (x86)\NVIDIA Corporation\PhysX\Common;C:\Program Files\dotnet\;C:\WINDOWS\system32;C:\WINDOWS;C:\WINDOWS\System32\Wbem;C:\WINDOWS\System32\WindowsPowerShell\v1.0\;C:\WINDOWS\System32\OpenSSH\;C:\Program Files\nodejs\;C:\Program Files\Git\cmd;C:\Users\Fannana Fahrin\AppData\Local\Microsoft\WindowsApps;C:\Users\Fannana Fahrin\AppData\Roaming\npm
USERNAME=Fannana Fahrin
OS=Windows_NT
PROCESSOR_IDENTIFIER=AMD64 Family 23 Model 96 Stepping 1, AuthenticAMD
TMP=C:\Users\FANNAN~1\AppData\Local\Temp
TEMP=C:\Users\FANNAN~1\AppData\Local\Temp


JNI global refs:
JNI global refs: 16, weak refs: 0

JNI global refs memory usage: 843, weak refs: 841


---------------  S Y S T E M  ---------------

OS:
 Windows 11 , 64 bit Build 22621 (10.0.22621.2070)
OS uptime: 0 days 0:20 hours

CPU: total 16 (initial active 16) (16 cores per cpu, 2 threads per core) family 23 model 96 stepping 1 microcode 0x0, cx8, cmov, fxsr, ht, mmx, 3dnowpref, sse, sse2, sse3, ssse3, sse4a, sse4.1, sse4.2, popcnt, lzcnt, tsc, tscinvbit, avx, avx2, aes, clmul, bmi1, bmi2, adx, sha, fma, vzeroupper, clflush, clflushopt

Memory: 4k page, system-wide physical 7597M (886M free)
TotalPageFile size 19693M (AvailPageFile size 3406M)
current process WorkingSet (physical memory assigned to process): 232M, peak: 232M
current process commit charge ("private bytes"): 280M, peak: 280M

vm_info: OpenJDK 64-Bit Server VM (17.0.6+0-b2043.56-10027231) for windows-amd64 JRE (17.0.6+0-b2043.56-10027231), built on Apr 28 2023 00:43:19 by "androidbuild" with MS VC++ 16.10 / 16.11 (VS2019)

END.
